c:\users\freem\desktop\project1\direcxx9\x64\debug\vc142.pdb
c:\users\freem\desktop\project1\direcxx9\x64\debug\vc142.idb
c:\users\freem\desktop\project1\direcxx9\x64\debug\window.obj
c:\users\freem\desktop\project1\direcxx9\x64\debug\main.obj
c:\users\freem\desktop\project1\direcxx9\x64\debug\appwindow.obj
c:\users\freem\desktop\gitproject\code_practice\direcxx9\x64\debug\appwindow.obj
c:\users\freem\desktop\gitproject\code_practice\direcxx9\x64\debug\main.obj
c:\users\freem\desktop\gitproject\code_practice\direcxx9\x64\debug\window.obj
c:\users\freem\desktop\gitproject\code_practice\direcxx9\x64\debug\vc142.idb
c:\users\freem\desktop\gitproject\code_practice\direcxx9\x64\debug\vc142.pdb
c:\users\freem\desktop\gitproject\code_practice\x64\debug\direcxx9.pdb
c:\users\freem\desktop\gitproject\code_practice\direcxx9\x64\debug\direcxx9.tlog\cl.command.1.tlog
c:\users\freem\desktop\gitproject\code_practice\direcxx9\x64\debug\direcxx9.tlog\cl.read.1.tlog
c:\users\freem\desktop\gitproject\code_practice\direcxx9\x64\debug\direcxx9.tlog\cl.write.1.tlog
c:\users\freem\desktop\gitproject\code_practice\direcxx9\x64\debug\direcxx9.tlog\link-cvtres.read.1.tlog
c:\users\freem\desktop\gitproject\code_practice\direcxx9\x64\debug\direcxx9.tlog\link-cvtres.write.1.tlog
c:\users\freem\desktop\gitproject\code_practice\direcxx9\x64\debug\direcxx9.tlog\link-rc.read.1.tlog
c:\users\freem\desktop\gitproject\code_practice\direcxx9\x64\debug\direcxx9.tlog\link-rc.write.1.tlog
c:\users\freem\desktop\gitproject\code_practice\direcxx9\x64\debug\direcxx9.tlog\link.command.1.tlog
c:\users\freem\desktop\gitproject\code_practice\direcxx9\x64\debug\direcxx9.tlog\link.read.1.tlog
c:\users\freem\desktop\gitproject\code_practice\direcxx9\x64\debug\direcxx9.tlog\link.write.1.tlog
